<?xml version="1.0" encoding="UTF-8"?>
<!-- Generated by org.testng.reporters.JUnitReportReporter -->
<testsuite hostname="DESKTOP-L16VT6H" failures="2" tests="102" name="com.example.AppTest" time="0.023" errors="0" timestamp="30 jun. 2024 03:49:13 GMT" skipped="0">
  <testcase classname="com.example.AppTest" name="testPasswordHastAtLeastOneLetter" time="0.000"/>
  <testcase classname="com.example.AppTest" name="testPasswordHastAtLeastOneLetter" time="0.000"/>
  <testcase classname="com.example.AppTest" name="testPasswordHastAtLeastOneLetter" time="0.000"/>
  <testcase classname="com.example.AppTest" name="testPasswordHastAtLeastOneLetter" time="0.001"/>
  <testcase classname="com.example.AppTest" name="testPasswordHastAtLeastOneLetter" time="0.000"/>
  <testcase classname="com.example.AppTest" name="testPasswordHastAtLeastOneLetter" time="0.000"/>
  <testcase classname="com.example.AppTest" name="testPasswordHastAtLeastOneLetter" time="0.000"/>
  <testcase classname="com.example.AppTest" name="testPasswordHastAtLeastOneLetter" time="0.000"/>
  <testcase classname="com.example.AppTest" name="testPasswordHastAtLeastOneLetter" time="0.000"/>
  <testcase classname="com.example.AppTest" name="testPasswordHastAtLeastOneLetter" time="0.001"/>
  <testcase classname="com.example.AppTest" name="testPasswordHastAtLeastOneLetter" time="0.000"/>
  <testcase classname="com.example.AppTest" name="testPasswordHastAtLeastOneLetter" time="0.009"/>
  <testcase classname="com.example.AppTest" name="testPasswordHastAtLeastOneLetter" time="0.000"/>
  <testcase classname="com.example.AppTest" name="testPasswordHastAtLeastOneLetter" time="0.000"/>
  <testcase classname="com.example.AppTest" name="testPasswordHastAtLeastOneLetter" time="0.000"/>
  <testcase classname="com.example.AppTest" name="testPasswordHastAtLeastOneLetter" time="0.000"/>
  <testcase classname="com.example.AppTest" name="testPasswordHastAtLeastOneLetter" time="0.000"/>
  <testcase classname="com.example.AppTest" name="testPasswordHastAtLeastOneLetter" time="0.000"/>
  <testcase classname="com.example.AppTest" name="testPasswordHastAtLeastOneLetter" time="0.003">
    <failure message="expected [true] but found [false]" type="java.lang.AssertionError">
      <![CDATA[java.lang.AssertionError: expected [true] but found [false]
at org.testng.Assert.fail(Assert.java:96)
at org.testng.Assert.failNotEquals(Assert.java:776)
at org.testng.Assert.assertTrue(Assert.java:44)
at org.testng.Assert.assertTrue(Assert.java:54)
at com.example.AppTest.testPasswordHastAtLeastOneLetter(AppTest.java:67)
at java.base/jdk.internal.reflect.NativeMethodAccessorImpl.invoke0(Native Method)
at java.base/jdk.internal.reflect.NativeMethodAccessorImpl.invoke(NativeMethodAccessorImpl.java:77)
at java.base/jdk.internal.reflect.DelegatingMethodAccessorImpl.invoke(DelegatingMethodAccessorImpl.java:43)
at java.base/java.lang.reflect.Method.invoke(Method.java:568)
at org.testng.internal.MethodInvocationHelper.invokeMethod(MethodInvocationHelper.java:124)
at org.testng.internal.Invoker.invokeMethod(Invoker.java:583)
at org.testng.internal.Invoker.invokeTestMethod(Invoker.java:719)
at org.testng.internal.Invoker.invokeTestMethods(Invoker.java:989)
at org.testng.internal.TestMethodWorker.invokeTestMethods(TestMethodWorker.java:125)
at org.testng.internal.TestMethodWorker.run(TestMethodWorker.java:109)
at org.testng.TestRunner.privateRun(TestRunner.java:648)
at org.testng.TestRunner.run(TestRunner.java:505)
at org.testng.SuiteRunner.runTest(SuiteRunner.java:455)
at org.testng.SuiteRunner.runSequentially(SuiteRunner.java:450)
at org.testng.SuiteRunner.privateRun(SuiteRunner.java:415)
at org.testng.SuiteRunner.run(SuiteRunner.java:364)
at org.testng.SuiteRunnerWorker.runSuite(SuiteRunnerWorker.java:52)
at org.testng.SuiteRunnerWorker.run(SuiteRunnerWorker.java:84)
at org.testng.TestNG.runSuitesSequentially(TestNG.java:1208)
at org.testng.TestNG.runSuitesLocally(TestNG.java:1137)
at org.testng.TestNG.runSuites(TestNG.java:1049)
at org.testng.TestNG.run(TestNG.java:1017)
at org.apache.maven.surefire.testng.TestNGExecutor.run(TestNGExecutor.java:136)
at org.apache.maven.surefire.testng.TestNGDirectoryTestSuite.executeSingleClass(TestNGDirectoryTestSuite.java:112)
at org.apache.maven.surefire.testng.TestNGDirectoryTestSuite.execute(TestNGDirectoryTestSuite.java:99)
at org.apache.maven.surefire.testng.TestNGProvider.invoke(TestNGProvider.java:145)
at org.apache.maven.surefire.booter.ForkedBooter.runSuitesInProcess(ForkedBooter.java:428)
at org.apache.maven.surefire.booter.ForkedBooter.execute(ForkedBooter.java:162)
at org.apache.maven.surefire.booter.ForkedBooter.run(ForkedBooter.java:562)
at org.apache.maven.surefire.booter.ForkedBooter.main(ForkedBooter.java:548)
]]>
    </failure>
  </testcase> <!-- testPasswordHastAtLeastOneLetter -->
  <testcase classname="com.example.AppTest" name="testPasswordHastAtLeastOneLetter" time="0.000"/>
  <testcase classname="com.example.AppTest" name="testPasswordHastAtLeastOneLetter" time="0.000"/>
  <testcase classname="com.example.AppTest" name="testPasswordHastAtLeastOneLetter" time="0.000"/>
  <testcase classname="com.example.AppTest" name="testPasswordHastAtLeastOneLetter" time="0.000"/>
  <testcase classname="com.example.AppTest" name="testPasswordHastAtLeastOneLetter" time="0.000"/>
  <testcase classname="com.example.AppTest" name="testPasswordHastAtLeastOneLetter" time="0.000"/>
  <testcase classname="com.example.AppTest" name="testPasswordHastAtLeastOneLetter" time="0.000"/>
  <testcase classname="com.example.AppTest" name="testPasswordHastAtLeastOneLetter" time="0.001"/>
  <testcase classname="com.example.AppTest" name="testPasswordHastAtLeastOneLetter" time="0.000"/>
  <testcase classname="com.example.AppTest" name="testPasswordHastAtLeastOneLetter" time="0.000"/>
  <testcase classname="com.example.AppTest" name="testPasswordHastAtLeastOneLetter" time="0.000"/>
  <testcase classname="com.example.AppTest" name="testPasswordHastAtLeastOneLetter" time="0.001"/>
  <testcase classname="com.example.AppTest" name="testPasswordHastAtLeastOneLetter" time="0.000"/>
  <testcase classname="com.example.AppTest" name="testPasswordHastAtLeastOneLetter" time="0.000"/>
  <testcase classname="com.example.AppTest" name="testPasswordHastAtLeastOneLetter" time="0.001"/>
  <testcase classname="com.example.AppTest" name="testPasswordHastAtLeastOneLetter" time="0.000"/>
  <testcase classname="com.example.AppTest" name="testPasswordHastAtLeastOneLetter" time="0.000"/>
  <testcase classname="com.example.AppTest" name="testPasswordHastAtLeastOneLetter" time="0.000"/>
  <testcase classname="com.example.AppTest" name="testPasswordHastAtLeastOneLetter" time="0.000"/>
  <testcase classname="com.example.AppTest" name="testPasswordHastAtLeastOneLetter" time="0.000"/>
  <testcase classname="com.example.AppTest" name="testPasswordHastAtLeastOneLetter" time="0.000"/>
  <testcase classname="com.example.AppTest" name="testPasswordHastAtLeastOneLetter" time="0.000"/>
  <testcase classname="com.example.AppTest" name="testPasswordHastAtLeastOneLetter" time="0.000"/>
  <testcase classname="com.example.AppTest" name="testPasswordHastAtLeastOneLetter" time="0.000"/>
  <testcase classname="com.example.AppTest" name="testPasswordHastAtLeastOneLetter" time="0.000"/>
  <testcase classname="com.example.AppTest" name="testPasswordHastAtLeastOneLetter" time="0.001"/>
  <testcase classname="com.example.AppTest" name="testPasswordHastAtLeastOneLetter" time="0.000"/>
  <testcase classname="com.example.AppTest" name="testPasswordHastAtLeastOneLetter" time="0.000"/>
  <testcase classname="com.example.AppTest" name="testPasswordHastAtLeastOneLetter" time="0.000"/>
  <testcase classname="com.example.AppTest" name="testPasswordHastAtLeastOneLetter" time="0.000"/>
  <testcase classname="com.example.AppTest" name="testPasswordHastAtLeastOneLetter" time="0.000"/>
  <testcase classname="com.example.AppTest" name="testPasswordHastAtLeastOneLetter" time="0.000"/>
  <testcase classname="com.example.AppTest" name="testPasswordHastAtLeastOneLetter" time="0.000"/>
  <testcase classname="com.example.AppTest" name="testPasswordHastAtLeastOneLetter" time="0.000"/>
  <testcase classname="com.example.AppTest" name="testPasswordHastAtLeastOneLetter" time="0.000"/>
  <testcase classname="com.example.AppTest" name="testPasswordHastAtLeastOneLetter" time="0.000"/>
  <testcase classname="com.example.AppTest" name="testPasswordHastAtLeastOneLetter" time="0.000"/>
  <testcase classname="com.example.AppTest" name="testPasswordHastAtLeastOneLetter" time="0.000"/>
  <testcase classname="com.example.AppTest" name="testPasswordHastAtLeastOneLetter" time="0.001"/>
  <testcase classname="com.example.AppTest" name="testPasswordHastAtLeastOneLetter" time="0.000"/>
  <testcase classname="com.example.AppTest" name="testPasswordHastAtLeastOneLetter" time="0.000"/>
  <testcase classname="com.example.AppTest" name="testPasswordHastAtLeastOneLetter" time="0.000"/>
  <testcase classname="com.example.AppTest" name="testPasswordHastAtLeastOneLetter" time="0.000"/>
  <testcase classname="com.example.AppTest" name="testPasswordHastAtLeastOneLetter" time="0.000">
    <failure message="expected [true] but found [false]" type="java.lang.AssertionError">
      <![CDATA[java.lang.AssertionError: expected [true] but found [false]
at org.testng.Assert.fail(Assert.java:96)
at org.testng.Assert.failNotEquals(Assert.java:776)
at org.testng.Assert.assertTrue(Assert.java:44)
at org.testng.Assert.assertTrue(Assert.java:54)
at com.example.AppTest.testPasswordHastAtLeastOneLetter(AppTest.java:67)
at java.base/jdk.internal.reflect.NativeMethodAccessorImpl.invoke0(Native Method)
at java.base/jdk.internal.reflect.NativeMethodAccessorImpl.invoke(NativeMethodAccessorImpl.java:77)
at java.base/jdk.internal.reflect.DelegatingMethodAccessorImpl.invoke(DelegatingMethodAccessorImpl.java:43)
at java.base/java.lang.reflect.Method.invoke(Method.java:568)
at org.testng.internal.MethodInvocationHelper.invokeMethod(MethodInvocationHelper.java:124)
at org.testng.internal.Invoker.invokeMethod(Invoker.java:583)
at org.testng.internal.Invoker.invokeTestMethod(Invoker.java:719)
at org.testng.internal.Invoker.invokeTestMethods(Invoker.java:989)
at org.testng.internal.TestMethodWorker.invokeTestMethods(TestMethodWorker.java:125)
at org.testng.internal.TestMethodWorker.run(TestMethodWorker.java:109)
at org.testng.TestRunner.privateRun(TestRunner.java:648)
at org.testng.TestRunner.run(TestRunner.java:505)
at org.testng.SuiteRunner.runTest(SuiteRunner.java:455)
at org.testng.SuiteRunner.runSequentially(SuiteRunner.java:450)
at org.testng.SuiteRunner.privateRun(SuiteRunner.java:415)
at org.testng.SuiteRunner.run(SuiteRunner.java:364)
at org.testng.SuiteRunnerWorker.runSuite(SuiteRunnerWorker.java:52)
at org.testng.SuiteRunnerWorker.run(SuiteRunnerWorker.java:84)
at org.testng.TestNG.runSuitesSequentially(TestNG.java:1208)
at org.testng.TestNG.runSuitesLocally(TestNG.java:1137)
at org.testng.TestNG.runSuites(TestNG.java:1049)
at org.testng.TestNG.run(TestNG.java:1017)
at org.apache.maven.surefire.testng.TestNGExecutor.run(TestNGExecutor.java:136)
at org.apache.maven.surefire.testng.TestNGDirectoryTestSuite.executeSingleClass(TestNGDirectoryTestSuite.java:112)
at org.apache.maven.surefire.testng.TestNGDirectoryTestSuite.execute(TestNGDirectoryTestSuite.java:99)
at org.apache.maven.surefire.testng.TestNGProvider.invoke(TestNGProvider.java:145)
at org.apache.maven.surefire.booter.ForkedBooter.runSuitesInProcess(ForkedBooter.java:428)
at org.apache.maven.surefire.booter.ForkedBooter.execute(ForkedBooter.java:162)
at org.apache.maven.surefire.booter.ForkedBooter.run(ForkedBooter.java:562)
at org.apache.maven.surefire.booter.ForkedBooter.main(ForkedBooter.java:548)
]]>
    </failure>
  </testcase> <!-- testPasswordHastAtLeastOneLetter -->
  <testcase classname="com.example.AppTest" name="testPasswordHastAtLeastOneLetter" time="0.000"/>
  <testcase classname="com.example.AppTest" name="testPasswordHastAtLeastTwoSpecialCharacters" time="0.000"/>
  <testcase classname="com.example.AppTest" name="testPasswordHastAtLeastOneLetter" time="0.000"/>
  <testcase classname="com.example.AppTest" name="testPasswordHastAtLeastOneLetter" time="0.000"/>
  <testcase classname="com.example.AppTest" name="testPasswordHastAtLeastOneLetter" time="0.000"/>
  <testcase classname="com.example.AppTest" name="testPasswordHastAtLeastOneLetter" time="0.000"/>
  <testcase classname="com.example.AppTest" name="testPasswordHastAtLeastOneLetter" time="0.000"/>
  <testcase classname="com.example.AppTest" name="testPasswordHastAtLeastOneLetter" time="0.000"/>
  <testcase classname="com.example.AppTest" name="testPasswordHastAtLeastOneLetter" time="0.000"/>
  <testcase classname="com.example.AppTest" name="testPasswordHastAtLeastOneLetter" time="0.000"/>
  <testcase classname="com.example.AppTest" name="testPasswordHastAtLeastOneLetter" time="0.000"/>
  <testcase classname="com.example.AppTest" name="testPasswordHastAtLeastOneLetter" time="0.000"/>
  <testcase classname="com.example.AppTest" name="testPasswordHastAtLeastOneLetter" time="0.001"/>
  <testcase classname="com.example.AppTest" name="testPasswordHastAtLeastOneLetter" time="0.000"/>
  <testcase classname="com.example.AppTest" name="testPasswordLengthIsTen" time="0.000"/>
  <testcase classname="com.example.AppTest" name="testPasswordHastAtLeastOneLetter" time="0.000"/>
  <testcase classname="com.example.AppTest" name="testPasswordHastAtLeastOneLetter" time="0.000"/>
  <testcase classname="com.example.AppTest" name="testPasswordHastAtLeastOneLetter" time="0.000"/>
  <testcase classname="com.example.AppTest" name="testPasswordHastAtLeastOneLetter" time="0.000"/>
  <testcase classname="com.example.AppTest" name="testPasswordHastAtLeastOneLetter" time="0.000"/>
  <testcase classname="com.example.AppTest" name="testPasswordHastAtLeastOneLetter" time="0.001"/>
  <testcase classname="com.example.AppTest" name="testPasswordHastAtLeastOneLetter" time="0.000"/>
  <testcase classname="com.example.AppTest" name="testPasswordHastAtLeastOneLetter" time="0.000"/>
  <testcase classname="com.example.AppTest" name="testPasswordHastAtLeastOneLetter" time="0.000"/>
  <testcase classname="com.example.AppTest" name="testPasswordHastAtLeastOneLetter" time="0.000"/>
  <testcase classname="com.example.AppTest" name="testPasswordHastAtLeastOneLetter" time="0.000"/>
  <testcase classname="com.example.AppTest" name="testPasswordHastAtLeastOneLetter" time="0.000"/>
  <testcase classname="com.example.AppTest" name="testPasswordHastAtLeastOneLetter" time="0.000"/>
  <testcase classname="com.example.AppTest" name="testPasswordHastAtLeastOneLetter" time="0.000"/>
  <testcase classname="com.example.AppTest" name="testPasswordHastAtLeastOneLetter" time="0.000"/>
  <testcase classname="com.example.AppTest" name="testPasswordHastAtLeastOneLetter" time="0.000"/>
  <testcase classname="com.example.AppTest" name="testPasswordHastAtLeastOneLetter" time="0.000"/>
  <testcase classname="com.example.AppTest" name="testPasswordHastAtLeastOneLetter" time="0.000"/>
  <testcase classname="com.example.AppTest" name="testPasswordHastAtLeastOneLetter" time="0.001"/>
  <testcase classname="com.example.AppTest" name="testPasswordHastAtLeastOneLetter" time="0.000"/>
  <testcase classname="com.example.AppTest" name="testPasswordHastAtLeastOneLetter" time="0.000"/>
  <testcase classname="com.example.AppTest" name="testPasswordHastAtLeastOneLetter" time="0.000"/>
  <testcase classname="com.example.AppTest" name="testPasswordHastAtLeastOneLetter" time="0.000"/>
  <testcase classname="com.example.AppTest" name="testPasswordHastAtLeastOneLetter" time="0.001"/>
</testsuite> <!-- com.example.AppTest -->
